{
	"/home/jihoon/magic/broadcast-websocket/src/BroadcastWebsocket.ts": {
		"path": "/home/jihoon/magic/broadcast-websocket/src/BroadcastWebsocket.ts",
		"statementMap": {
			"0": { "start": { "line": 9, "column": 1 }, "end": { "line": 9, "column": null } },
			"1": { "start": { "line": 10, "column": 1 }, "end": { "line": 10, "column": null } },
			"2": { "start": { "line": 11, "column": 1 }, "end": { "line": 11, "column": null } },
			"3": { "start": { "line": 12, "column": 1 }, "end": { "line": 12, "column": null } },
			"4": { "start": { "line": 18, "column": 1 }, "end": { "line": 18, "column": null } },
			"5": { "start": { "line": 19, "column": 1 }, "end": { "line": 19, "column": null } },
			"6": { "start": { "line": 20, "column": 1 }, "end": { "line": 20, "column": null } },
			"7": { "start": { "line": 22, "column": 1 }, "end": { "line": 22, "column": null } },
			"8": { "start": { "line": 23, "column": 1 }, "end": { "line": 23, "column": null } },
			"9": { "start": { "line": 24, "column": 1 }, "end": { "line": 24, "column": null } },
			"10": { "start": { "line": 25, "column": 1 }, "end": { "line": 25, "column": null } },
			"11": { "start": { "line": 27, "column": 1 }, "end": { "line": 27, "column": null } },
			"12": { "start": { "line": 28, "column": 1 }, "end": { "line": 28, "column": null } },
			"13": { "start": { "line": 29, "column": 1 }, "end": { "line": 29, "column": null } },
			"14": { "start": { "line": 38, "column": 2 }, "end": { "line": 38, "column": null } },
			"15": { "start": { "line": 39, "column": 2 }, "end": { "line": 39, "column": null } },
			"16": { "start": { "line": 40, "column": 2 }, "end": { "line": 48, "column": null } },
			"17": { "start": { "line": 43, "column": 4 }, "end": { "line": 47, "column": null } },
			"18": { "start": { "line": 44, "column": 5 }, "end": { "line": 44, "column": null } },
			"19": { "start": { "line": 46, "column": 5 }, "end": { "line": 46, "column": null } },
			"20": { "start": { "line": 50, "column": 2 }, "end": { "line": 50, "column": null } },
			"21": { "start": { "line": 52, "column": 2 }, "end": { "line": 52, "column": null } },
			"22": { "start": { "line": 54, "column": 2 }, "end": { "line": 57, "column": null } },
			"23": { "start": { "line": 55, "column": 3 }, "end": { "line": 55, "column": null } },
			"24": { "start": { "line": 56, "column": 3 }, "end": { "line": 56, "column": null } },
			"25": { "start": { "line": 56, "column": 40 }, "end": { "line": 56, "column": 55 } },
			"26": { "start": { "line": 58, "column": 2 }, "end": { "line": 61, "column": null } },
			"27": { "start": { "line": 59, "column": 3 }, "end": { "line": 59, "column": null } },
			"28": { "start": { "line": 60, "column": 3 }, "end": { "line": 60, "column": null } },
			"29": { "start": { "line": 62, "column": 2 }, "end": { "line": 72, "column": null } },
			"30": { "start": { "line": 63, "column": 3 }, "end": { "line": 63, "column": null } },
			"31": { "start": { "line": 65, "column": 3 }, "end": { "line": 71, "column": null } },
			"32": { "start": { "line": 66, "column": 4 }, "end": { "line": 68, "column": null } },
			"33": { "start": { "line": 67, "column": 5 }, "end": { "line": 67, "column": null } },
			"34": { "start": { "line": 69, "column": 4 }, "end": { "line": 69, "column": null } },
			"35": { "start": { "line": 70, "column": 4 }, "end": { "line": 70, "column": null } },
			"36": { "start": { "line": 73, "column": 2 }, "end": { "line": 73, "column": null } },
			"37": { "start": { "line": 82, "column": 2 }, "end": { "line": 82, "column": null } },
			"38": { "start": { "line": 89, "column": 2 }, "end": { "line": 89, "column": null } },
			"39": { "start": { "line": 92, "column": 2 }, "end": { "line": 92, "column": null } },
			"40": { "start": { "line": 93, "column": 2 }, "end": { "line": 93, "column": null } },
			"41": { "start": { "line": 97, "column": 2 }, "end": { "line": 97, "column": null } },
			"42": { "start": { "line": 100, "column": 2 }, "end": { "line": 100, "column": null } },
			"43": { "start": { "line": 104, "column": 2 }, "end": { "line": 108, "column": null } },
			"44": { "start": { "line": 105, "column": 3 }, "end": { "line": 105, "column": null } },
			"45": { "start": { "line": 105, "column": 45 }, "end": { "line": 105, "column": null } },
			"46": { "start": { "line": 106, "column": 3 }, "end": { "line": 106, "column": null } },
			"47": { "start": { "line": 107, "column": 3 }, "end": { "line": 107, "column": null } },
			"48": { "start": { "line": 110, "column": 2 }, "end": { "line": 110, "column": null } },
			"49": { "start": { "line": 114, "column": 2 }, "end": { "line": 122, "column": null } },
			"50": { "start": { "line": 116, "column": 3 }, "end": { "line": 116, "column": null } },
			"51": { "start": { "line": 117, "column": 14 }, "end": { "line": 117, "column": null } },
			"52": { "start": { "line": 118, "column": 3 }, "end": { "line": 118, "column": null } },
			"53": { "start": { "line": 119, "column": 3 }, "end": { "line": 119, "column": null } },
			"54": { "start": { "line": 120, "column": 3 }, "end": { "line": 120, "column": null } },
			"55": { "start": { "line": 121, "column": 3 }, "end": { "line": 121, "column": null } },
			"56": { "start": { "line": 123, "column": 2 }, "end": { "line": 123, "column": null } },
			"57": { "start": { "line": 124, "column": 2 }, "end": { "line": 124, "column": null } },
			"58": { "start": { "line": 128, "column": 2 }, "end": { "line": 135, "column": null } },
			"59": { "start": { "line": 139, "column": 2 }, "end": { "line": 139, "column": null } },
			"60": { "start": { "line": 140, "column": 2 }, "end": { "line": 140, "column": null } },
			"61": { "start": { "line": 141, "column": 2 }, "end": { "line": 141, "column": null } },
			"62": { "start": { "line": 141, "column": 21 }, "end": { "line": 141, "column": null } },
			"63": { "start": { "line": 142, "column": 2 }, "end": { "line": 142, "column": null } },
			"64": { "start": { "line": 142, "column": 21 }, "end": { "line": 142, "column": null } },
			"65": { "start": { "line": 143, "column": 2 }, "end": { "line": 143, "column": null } },
			"66": { "start": { "line": 143, "column": 16 }, "end": { "line": 143, "column": null } },
			"67": { "start": { "line": 148, "column": 2 }, "end": { "line": 148, "column": null } },
			"68": { "start": { "line": 149, "column": 2 }, "end": { "line": 181, "column": null } },
			"69": { "start": { "line": 150, "column": 14 }, "end": { "line": 150, "column": null } },
			"70": { "start": { "line": 151, "column": 3 }, "end": { "line": 151, "column": null } },
			"71": { "start": { "line": 152, "column": 3 }, "end": { "line": 152, "column": null } },
			"72": { "start": { "line": 153, "column": 3 }, "end": { "line": 161, "column": null } },
			"73": { "start": { "line": 154, "column": 4 }, "end": { "line": 154, "column": null } },
			"74": { "start": { "line": 155, "column": 4 }, "end": { "line": 155, "column": null } },
			"75": { "start": { "line": 156, "column": 4 }, "end": { "line": 156, "column": null } },
			"76": { "start": { "line": 157, "column": 15 }, "end": { "line": 157, "column": null } },
			"77": { "start": { "line": 158, "column": 4 }, "end": { "line": 158, "column": null } },
			"78": { "start": { "line": 159, "column": 4 }, "end": { "line": 159, "column": null } },
			"79": { "start": { "line": 160, "column": 4 }, "end": { "line": 160, "column": null } },
			"80": { "start": { "line": 162, "column": 3 }, "end": { "line": 166, "column": null } },
			"81": { "start": { "line": 163, "column": 4 }, "end": { "line": 163, "column": null } },
			"82": { "start": { "line": 164, "column": 4 }, "end": { "line": 164, "column": null } },
			"83": { "start": { "line": 165, "column": 4 }, "end": { "line": 165, "column": null } },
			"84": { "start": { "line": 167, "column": 3 }, "end": { "line": 170, "column": null } },
			"85": { "start": { "line": 168, "column": 4 }, "end": { "line": 168, "column": null } },
			"86": { "start": { "line": 169, "column": 4 }, "end": { "line": 169, "column": null } },
			"87": { "start": { "line": 171, "column": 3 }, "end": { "line": 176, "column": null } },
			"88": { "start": { "line": 172, "column": 4 }, "end": { "line": 172, "column": null } },
			"89": { "start": { "line": 173, "column": 4 }, "end": { "line": 173, "column": null } },
			"90": { "start": { "line": 174, "column": 4 }, "end": { "line": 174, "column": null } },
			"91": { "start": { "line": 175, "column": 4 }, "end": { "line": 175, "column": null } },
			"92": { "start": { "line": 178, "column": 14 }, "end": { "line": 178, "column": null } },
			"93": { "start": { "line": 179, "column": 3 }, "end": { "line": 179, "column": null } },
			"94": { "start": { "line": 180, "column": 3 }, "end": { "line": 180, "column": null } },
			"95": { "start": { "line": 185, "column": 2 }, "end": { "line": 185, "column": null } },
			"96": { "start": { "line": 189, "column": 12 }, "end": { "line": 189, "column": null } },
			"97": { "start": { "line": 190, "column": 2 }, "end": { "line": 190, "column": null } },
			"98": { "start": { "line": 190, "column": 21 }, "end": { "line": 190, "column": null } },
			"99": { "start": { "line": 191, "column": 2 }, "end": { "line": 197, "column": null } },
			"100": { "start": { "line": 192, "column": 3 }, "end": { "line": 192, "column": null } },
			"101": { "start": { "line": 192, "column": 72 }, "end": { "line": 192, "column": null } },
			"102": { "start": { "line": 193, "column": 3 }, "end": { "line": 195, "column": null } },
			"103": { "start": { "line": 194, "column": 4 }, "end": { "line": 194, "column": null } },
			"104": { "start": { "line": 196, "column": 3 }, "end": { "line": 196, "column": null } },
			"105": { "start": { "line": 198, "column": 2 }, "end": { "line": 204, "column": null } },
			"106": { "start": { "line": 199, "column": 3 }, "end": { "line": 199, "column": null } },
			"107": { "start": { "line": 199, "column": 31 }, "end": { "line": 199, "column": null } },
			"108": { "start": { "line": 200, "column": 14 }, "end": { "line": 200, "column": null } },
			"109": { "start": { "line": 201, "column": 3 }, "end": { "line": 201, "column": null } },
			"110": { "start": { "line": 202, "column": 3 }, "end": { "line": 202, "column": null } },
			"111": { "start": { "line": 203, "column": 3 }, "end": { "line": 203, "column": null } },
			"112": { "start": { "line": 205, "column": 2 }, "end": { "line": 218, "column": null } },
			"113": { "start": { "line": 206, "column": 3 }, "end": { "line": 206, "column": null } },
			"114": { "start": { "line": 206, "column": 31 }, "end": { "line": 206, "column": null } },
			"115": { "start": { "line": 207, "column": 3 }, "end": { "line": 217, "column": null } },
			"116": { "start": { "line": 208, "column": 4 }, "end": { "line": 208, "column": null } },
			"117": { "start": { "line": 209, "column": 15 }, "end": { "line": 209, "column": null } },
			"118": { "start": { "line": 210, "column": 4 }, "end": { "line": 210, "column": null } },
			"119": { "start": { "line": 211, "column": 4 }, "end": { "line": 211, "column": null } },
			"120": { "start": { "line": 212, "column": 3 }, "end": { "line": 217, "column": null } },
			"121": { "start": { "line": 213, "column": 4 }, "end": { "line": 213, "column": null } },
			"122": { "start": { "line": 214, "column": 15 }, "end": { "line": 214, "column": null } },
			"123": { "start": { "line": 215, "column": 4 }, "end": { "line": 215, "column": null } },
			"124": { "start": { "line": 216, "column": 4 }, "end": { "line": 216, "column": null } }
		},
		"fnMap": {
			"0": {
				"name": "(anonymous_0)",
				"decl": { "start": { "line": 37, "column": 1 }, "end": { "line": 37, "column": 13 } },
				"loc": { "start": { "line": 37, "column": 49 }, "end": { "line": 74, "column": null } },
				"line": 37
			},
			"1": {
				"name": "(anonymous_1)",
				"decl": { "start": { "line": 42, "column": 4 }, "end": { "line": 42, "column": 10 } },
				"loc": { "start": { "line": 42, "column": 10 }, "end": { "line": 48, "column": 6 } },
				"line": 42
			},
			"2": {
				"name": "(anonymous_2)",
				"decl": { "start": { "line": 56, "column": 31 }, "end": { "line": 56, "column": 32 } },
				"loc": { "start": { "line": 56, "column": 40 }, "end": { "line": 56, "column": 55 } },
				"line": 56
			},
			"3": {
				"name": "(anonymous_3)",
				"decl": { "start": { "line": 58, "column": 29 }, "end": { "line": 58, "column": 35 } },
				"loc": { "start": { "line": 58, "column": 35 }, "end": { "line": 61, "column": 3 } },
				"line": 58
			},
			"4": {
				"name": "(anonymous_4)",
				"decl": { "start": { "line": 62, "column": 31 }, "end": { "line": 62, "column": 32 } },
				"loc": { "start": { "line": 62, "column": 38 }, "end": { "line": 72, "column": 3 } },
				"line": 62
			},
			"5": {
				"name": "(anonymous_5)",
				"decl": { "start": { "line": 77, "column": 1 }, "end": { "line": 77, "column": null } },
				"loc": { "start": { "line": 81, "column": 9 }, "end": { "line": 83, "column": null } },
				"line": 81
			},
			"6": {
				"name": "(anonymous_6)",
				"decl": { "start": { "line": 84, "column": 1 }, "end": { "line": 84, "column": null } },
				"loc": { "start": { "line": 88, "column": 9 }, "end": { "line": 90, "column": null } },
				"line": 88
			},
			"7": {
				"name": "(anonymous_7)",
				"decl": { "start": { "line": 91, "column": 1 }, "end": { "line": 91, "column": 15 } },
				"loc": { "start": { "line": 91, "column": 38 }, "end": { "line": 94, "column": null } },
				"line": 91
			},
			"8": {
				"name": "(anonymous_8)",
				"decl": { "start": { "line": 96, "column": 5 }, "end": { "line": 96, "column": 30 } },
				"loc": { "start": { "line": 96, "column": 30 }, "end": { "line": 98, "column": null } },
				"line": 96
			},
			"9": {
				"name": "(anonymous_9)",
				"decl": { "start": { "line": 99, "column": 5 }, "end": { "line": 99, "column": 30 } },
				"loc": { "start": { "line": 99, "column": 30 }, "end": { "line": 101, "column": null } },
				"line": 99
			},
			"10": {
				"name": "(anonymous_10)",
				"decl": { "start": { "line": 103, "column": 1 }, "end": { "line": 103, "column": 6 } },
				"loc": { "start": { "line": 103, "column": 63 }, "end": { "line": 111, "column": null } },
				"line": 103
			},
			"11": {
				"name": "(anonymous_11)",
				"decl": { "start": { "line": 113, "column": 1 }, "end": { "line": 113, "column": 7 } },
				"loc": { "start": { "line": 113, "column": 39 }, "end": { "line": 125, "column": null } },
				"line": 113
			},
			"12": {
				"name": "(anonymous_12)",
				"decl": { "start": { "line": 127, "column": 1 }, "end": { "line": 127, "column": 26 } },
				"loc": { "start": { "line": 127, "column": 26 }, "end": { "line": 136, "column": null } },
				"line": 127
			},
			"13": {
				"name": "(anonymous_13)",
				"decl": { "start": { "line": 138, "column": 1 }, "end": { "line": 138, "column": 11 } },
				"loc": { "start": { "line": 138, "column": 11 }, "end": { "line": 144, "column": null } },
				"line": 138
			},
			"14": {
				"name": "(anonymous_14)",
				"decl": { "start": { "line": 147, "column": 9 }, "end": { "line": 147, "column": 22 } },
				"loc": { "start": { "line": 147, "column": 22 }, "end": { "line": 182, "column": null } },
				"line": 147
			},
			"15": {
				"name": "(anonymous_15)",
				"decl": { "start": { "line": 153, "column": 15 }, "end": { "line": 153, "column": 21 } },
				"loc": { "start": { "line": 153, "column": 21 }, "end": { "line": 161, "column": null } },
				"line": 153
			},
			"16": {
				"name": "(anonymous_16)",
				"decl": { "start": { "line": 162, "column": 18 }, "end": { "line": 162, "column": 19 } },
				"loc": { "start": { "line": 162, "column": 26 }, "end": { "line": 166, "column": null } },
				"line": 162
			},
			"17": {
				"name": "(anonymous_17)",
				"decl": { "start": { "line": 167, "column": 16 }, "end": { "line": 167, "column": 17 } },
				"loc": { "start": { "line": 167, "column": 24 }, "end": { "line": 170, "column": null } },
				"line": 167
			},
			"18": {
				"name": "(anonymous_18)",
				"decl": { "start": { "line": 171, "column": 16 }, "end": { "line": 171, "column": 17 } },
				"loc": { "start": { "line": 171, "column": 24 }, "end": { "line": 176, "column": null } },
				"line": 171
			},
			"19": {
				"name": "(anonymous_19)",
				"decl": { "start": { "line": 184, "column": 9 }, "end": { "line": 184, "column": 20 } },
				"loc": { "start": { "line": 184, "column": 39 }, "end": { "line": 186, "column": null } },
				"line": 184
			},
			"20": {
				"name": "(anonymous_20)",
				"decl": { "start": { "line": 188, "column": 9 }, "end": { "line": 188, "column": 15 } },
				"loc": { "start": { "line": 188, "column": 25 }, "end": { "line": 219, "column": null } },
				"line": 188
			}
		},
		"branchMap": {
			"0": {
				"loc": { "start": { "line": 37, "column": 26 }, "end": { "line": 37, "column": 49 } },
				"type": "default-arg",
				"locations": [{ "start": { "line": 37, "column": 45 }, "end": { "line": 37, "column": 49 } }],
				"line": 37
			},
			"1": {
				"loc": { "start": { "line": 41, "column": 3 }, "end": { "line": 48, "column": null } },
				"type": "binary-expr",
				"locations": [
					{ "start": { "line": 41, "column": 3 }, "end": { "line": 41, "column": null } },
					{ "start": { "line": 41, "column": 11 }, "end": { "line": 48, "column": null } }
				],
				"line": 41
			},
			"2": {
				"loc": { "start": { "line": 44, "column": 25 }, "end": { "line": 44, "column": 93 } },
				"type": "cond-expr",
				"locations": [
					{ "start": { "line": 44, "column": 59 }, "end": { "line": 44, "column": 75 } },
					{ "start": { "line": 44, "column": 75 }, "end": { "line": 44, "column": 93 } }
				],
				"line": 44
			},
			"3": {
				"loc": { "start": { "line": 65, "column": 3 }, "end": { "line": 71, "column": null } },
				"type": "if",
				"locations": [
					{ "start": { "line": 65, "column": 3 }, "end": { "line": 71, "column": null } },
					{ "start": {}, "end": {} }
				],
				"line": 65
			},
			"4": {
				"loc": { "start": { "line": 100, "column": 9 }, "end": { "line": 100, "column": null } },
				"type": "binary-expr",
				"locations": [
					{ "start": { "line": 100, "column": 9 }, "end": { "line": 100, "column": 36 } },
					{ "start": { "line": 100, "column": 36 }, "end": { "line": 100, "column": null } }
				],
				"line": 100
			},
			"5": {
				"loc": { "start": { "line": 104, "column": 2 }, "end": { "line": 108, "column": null } },
				"type": "if",
				"locations": [
					{ "start": { "line": 104, "column": 2 }, "end": { "line": 108, "column": null } },
					{ "start": {}, "end": {} }
				],
				"line": 104
			},
			"6": {
				"loc": { "start": { "line": 105, "column": 3 }, "end": { "line": 105, "column": null } },
				"type": "if",
				"locations": [
					{ "start": { "line": 105, "column": 3 }, "end": { "line": 105, "column": null } },
					{ "start": {}, "end": {} }
				],
				"line": 105
			},
			"7": {
				"loc": { "start": { "line": 105, "column": 7 }, "end": { "line": 105, "column": 45 } },
				"type": "binary-expr",
				"locations": [
					{ "start": { "line": 105, "column": 7 }, "end": { "line": 105, "column": 35 } },
					{ "start": { "line": 105, "column": 35 }, "end": { "line": 105, "column": 45 } }
				],
				"line": 105
			},
			"8": {
				"loc": { "start": { "line": 114, "column": 2 }, "end": { "line": 122, "column": null } },
				"type": "if",
				"locations": [
					{ "start": { "line": 114, "column": 2 }, "end": { "line": 122, "column": null } },
					{ "start": {}, "end": {} }
				],
				"line": 114
			},
			"9": {
				"loc": { "start": { "line": 117, "column": 46 }, "end": { "line": 117, "column": 60 } },
				"type": "binary-expr",
				"locations": [
					{ "start": { "line": 117, "column": 46 }, "end": { "line": 117, "column": 54 } },
					{ "start": { "line": 117, "column": 54 }, "end": { "line": 117, "column": 60 } }
				],
				"line": 117
			},
			"10": {
				"loc": { "start": { "line": 117, "column": 68 }, "end": { "line": 117, "column": 82 } },
				"type": "binary-expr",
				"locations": [
					{ "start": { "line": 117, "column": 68 }, "end": { "line": 117, "column": 78 } },
					{ "start": { "line": 117, "column": 78 }, "end": { "line": 117, "column": 82 } }
				],
				"line": 117
			},
			"11": {
				"loc": { "start": { "line": 131, "column": 13 }, "end": { "line": 131, "column": null } },
				"type": "binary-expr",
				"locations": [
					{ "start": { "line": 131, "column": 13 }, "end": { "line": 131, "column": 40 } },
					{ "start": { "line": 131, "column": 40 }, "end": { "line": 131, "column": null } }
				],
				"line": 131
			},
			"12": {
				"loc": { "start": { "line": 141, "column": 2 }, "end": { "line": 141, "column": null } },
				"type": "if",
				"locations": [
					{ "start": { "line": 141, "column": 2 }, "end": { "line": 141, "column": null } },
					{ "start": {}, "end": {} }
				],
				"line": 141
			},
			"13": {
				"loc": { "start": { "line": 142, "column": 2 }, "end": { "line": 142, "column": null } },
				"type": "if",
				"locations": [
					{ "start": { "line": 142, "column": 2 }, "end": { "line": 142, "column": null } },
					{ "start": {}, "end": {} }
				],
				"line": 142
			},
			"14": {
				"loc": { "start": { "line": 143, "column": 2 }, "end": { "line": 143, "column": null } },
				"type": "if",
				"locations": [
					{ "start": { "line": 143, "column": 2 }, "end": { "line": 143, "column": null } },
					{ "start": {}, "end": {} }
				],
				"line": 143
			},
			"15": {
				"loc": { "start": { "line": 155, "column": 23 }, "end": { "line": 155, "column": null } },
				"type": "binary-expr",
				"locations": [
					{ "start": { "line": 155, "column": 23 }, "end": { "line": 155, "column": 48 } },
					{ "start": { "line": 155, "column": 48 }, "end": { "line": 155, "column": null } }
				],
				"line": 155
			},
			"16": {
				"loc": { "start": { "line": 190, "column": 2 }, "end": { "line": 190, "column": null } },
				"type": "if",
				"locations": [
					{ "start": { "line": 190, "column": 2 }, "end": { "line": 190, "column": null } },
					{ "start": {}, "end": {} }
				],
				"line": 190
			},
			"17": {
				"loc": { "start": { "line": 190, "column": 6 }, "end": { "line": 190, "column": 21 } },
				"type": "binary-expr",
				"locations": [
					{ "start": { "line": 190, "column": 6 }, "end": { "line": 190, "column": 12 } },
					{ "start": { "line": 190, "column": 12 }, "end": { "line": 190, "column": 21 } }
				],
				"line": 190
			},
			"18": {
				"loc": { "start": { "line": 191, "column": 2 }, "end": { "line": 197, "column": null } },
				"type": "if",
				"locations": [
					{ "start": { "line": 191, "column": 2 }, "end": { "line": 197, "column": null } },
					{ "start": {}, "end": {} }
				],
				"line": 191
			},
			"19": {
				"loc": { "start": { "line": 192, "column": 3 }, "end": { "line": 192, "column": null } },
				"type": "if",
				"locations": [
					{ "start": { "line": 192, "column": 3 }, "end": { "line": 192, "column": null } },
					{ "start": {}, "end": {} }
				],
				"line": 192
			},
			"20": {
				"loc": { "start": { "line": 192, "column": 7 }, "end": { "line": 192, "column": 72 } },
				"type": "binary-expr",
				"locations": [
					{ "start": { "line": 192, "column": 7 }, "end": { "line": 192, "column": 34 } },
					{ "start": { "line": 192, "column": 34 }, "end": { "line": 192, "column": 46 } },
					{ "start": { "line": 192, "column": 46 }, "end": { "line": 192, "column": 72 } }
				],
				"line": 192
			},
			"21": {
				"loc": { "start": { "line": 198, "column": 2 }, "end": { "line": 204, "column": null } },
				"type": "if",
				"locations": [
					{ "start": { "line": 198, "column": 2 }, "end": { "line": 204, "column": null } },
					{ "start": {}, "end": {} }
				],
				"line": 198
			},
			"22": {
				"loc": { "start": { "line": 199, "column": 3 }, "end": { "line": 199, "column": null } },
				"type": "if",
				"locations": [
					{ "start": { "line": 199, "column": 3 }, "end": { "line": 199, "column": null } },
					{ "start": {}, "end": {} }
				],
				"line": 199
			},
			"23": {
				"loc": { "start": { "line": 205, "column": 2 }, "end": { "line": 218, "column": null } },
				"type": "if",
				"locations": [
					{ "start": { "line": 205, "column": 2 }, "end": { "line": 218, "column": null } },
					{ "start": {}, "end": {} }
				],
				"line": 205
			},
			"24": {
				"loc": { "start": { "line": 206, "column": 3 }, "end": { "line": 206, "column": null } },
				"type": "if",
				"locations": [
					{ "start": { "line": 206, "column": 3 }, "end": { "line": 206, "column": null } },
					{ "start": {}, "end": {} }
				],
				"line": 206
			},
			"25": {
				"loc": { "start": { "line": 207, "column": 3 }, "end": { "line": 217, "column": null } },
				"type": "if",
				"locations": [
					{ "start": { "line": 207, "column": 3 }, "end": { "line": 217, "column": null } },
					{ "start": { "line": 212, "column": 3 }, "end": { "line": 217, "column": null } }
				],
				"line": 207
			},
			"26": {
				"loc": { "start": { "line": 207, "column": 7 }, "end": { "line": 207, "column": 54 } },
				"type": "binary-expr",
				"locations": [
					{ "start": { "line": 207, "column": 7 }, "end": { "line": 207, "column": 28 } },
					{ "start": { "line": 207, "column": 28 }, "end": { "line": 207, "column": 54 } }
				],
				"line": 207
			},
			"27": {
				"loc": { "start": { "line": 212, "column": 3 }, "end": { "line": 217, "column": null } },
				"type": "if",
				"locations": [
					{ "start": { "line": 212, "column": 3 }, "end": { "line": 217, "column": null } },
					{ "start": {}, "end": {} }
				],
				"line": 212
			},
			"28": {
				"loc": { "start": { "line": 212, "column": 14 }, "end": { "line": 212, "column": 64 } },
				"type": "binary-expr",
				"locations": [
					{ "start": { "line": 212, "column": 14 }, "end": { "line": 212, "column": 36 } },
					{ "start": { "line": 212, "column": 36 }, "end": { "line": 212, "column": 64 } }
				],
				"line": 212
			}
		},
		"s": {
			"0": 4,
			"1": 4,
			"2": 4,
			"3": 4,
			"4": 4,
			"5": 4,
			"6": 4,
			"7": 4,
			"8": 4,
			"9": 4,
			"10": 4,
			"11": 4,
			"12": 4,
			"13": 4,
			"14": 4,
			"15": 4,
			"16": 4,
			"17": 4,
			"18": 4,
			"19": 0,
			"20": 4,
			"21": 4,
			"22": 4,
			"23": 4,
			"24": 4,
			"25": 0,
			"26": 4,
			"27": 3,
			"28": 3,
			"29": 4,
			"30": 1,
			"31": 1,
			"32": 0,
			"33": 0,
			"34": 0,
			"35": 0,
			"36": 4,
			"37": 0,
			"38": 0,
			"39": 0,
			"40": 0,
			"41": 2,
			"42": 2,
			"43": 0,
			"44": 0,
			"45": 0,
			"46": 0,
			"47": 0,
			"48": 0,
			"49": 0,
			"50": 0,
			"51": 0,
			"52": 0,
			"53": 0,
			"54": 0,
			"55": 0,
			"56": 0,
			"57": 0,
			"58": 2,
			"59": 4,
			"60": 4,
			"61": 4,
			"62": 4,
			"63": 4,
			"64": 4,
			"65": 4,
			"66": 4,
			"67": 3,
			"68": 3,
			"69": 3,
			"70": 3,
			"71": 3,
			"72": 3,
			"73": 2,
			"74": 2,
			"75": 2,
			"76": 2,
			"77": 2,
			"78": 2,
			"79": 2,
			"80": 3,
			"81": 0,
			"82": 0,
			"83": 0,
			"84": 3,
			"85": 0,
			"86": 0,
			"87": 3,
			"88": 3,
			"89": 3,
			"90": 3,
			"91": 3,
			"92": 0,
			"93": 0,
			"94": 0,
			"95": 12,
			"96": 0,
			"97": 0,
			"98": 0,
			"99": 0,
			"100": 0,
			"101": 0,
			"102": 0,
			"103": 0,
			"104": 0,
			"105": 0,
			"106": 0,
			"107": 0,
			"108": 0,
			"109": 0,
			"110": 0,
			"111": 0,
			"112": 0,
			"113": 0,
			"114": 0,
			"115": 0,
			"116": 0,
			"117": 0,
			"118": 0,
			"119": 0,
			"120": 0,
			"121": 0,
			"122": 0,
			"123": 0,
			"124": 0
		},
		"f": {
			"0": 4,
			"1": 4,
			"2": 0,
			"3": 3,
			"4": 1,
			"5": 0,
			"6": 0,
			"7": 0,
			"8": 2,
			"9": 2,
			"10": 0,
			"11": 0,
			"12": 2,
			"13": 4,
			"14": 3,
			"15": 2,
			"16": 0,
			"17": 0,
			"18": 3,
			"19": 12,
			"20": 0
		},
		"b": {
			"0": [4],
			"1": [4, 4],
			"2": [4, 0],
			"3": [0, 1],
			"4": [2, 1],
			"5": [0, 0],
			"6": [0, 0],
			"7": [0, 0],
			"8": [0, 0],
			"9": [0, 0],
			"10": [0, 0],
			"11": [2, 0],
			"12": [4, 0],
			"13": [4, 0],
			"14": [4, 0],
			"15": [2, 2],
			"16": [0, 0],
			"17": [0, 0],
			"18": [0, 0],
			"19": [0, 0],
			"20": [0, 0, 0],
			"21": [0, 0],
			"22": [0, 0],
			"23": [0, 0],
			"24": [0, 0],
			"25": [0, 0],
			"26": [0, 0],
			"27": [0, 0],
			"28": [0, 0]
		},
		"meta": {
			"lastBranch": 29,
			"lastFunction": 21,
			"lastStatement": 125,
			"seen": {
				"f:37:1:37:13": 0,
				"b:37:45:37:49": 0,
				"s:9:1:9:Infinity": 0,
				"s:10:1:10:Infinity": 1,
				"s:11:1:11:Infinity": 2,
				"s:12:1:12:Infinity": 3,
				"s:18:1:18:Infinity": 4,
				"s:19:1:19:Infinity": 5,
				"s:20:1:20:Infinity": 6,
				"s:22:1:22:Infinity": 7,
				"s:23:1:23:Infinity": 8,
				"s:24:1:24:Infinity": 9,
				"s:25:1:25:Infinity": 10,
				"s:27:1:27:Infinity": 11,
				"s:28:1:28:Infinity": 12,
				"s:29:1:29:Infinity": 13,
				"s:38:2:38:Infinity": 14,
				"s:39:2:39:Infinity": 15,
				"s:40:2:48:Infinity": 16,
				"b:41:3:41:Infinity:41:11:48:Infinity": 1,
				"f:42:4:42:10": 1,
				"s:43:4:47:Infinity": 17,
				"s:44:5:44:Infinity": 18,
				"b:44:59:44:75:44:75:44:93": 2,
				"s:46:5:46:Infinity": 19,
				"s:50:2:50:Infinity": 20,
				"s:52:2:52:Infinity": 21,
				"s:54:2:57:Infinity": 22,
				"s:55:3:55:Infinity": 23,
				"s:56:3:56:Infinity": 24,
				"f:56:31:56:32": 2,
				"s:56:40:56:55": 25,
				"s:58:2:61:Infinity": 26,
				"f:58:29:58:35": 3,
				"s:59:3:59:Infinity": 27,
				"s:60:3:60:Infinity": 28,
				"s:62:2:72:Infinity": 29,
				"f:62:31:62:32": 4,
				"s:63:3:63:Infinity": 30,
				"b:65:3:71:Infinity:undefined:undefined:undefined:undefined": 3,
				"s:65:3:71:Infinity": 31,
				"s:66:4:68:Infinity": 32,
				"s:67:5:67:Infinity": 33,
				"s:69:4:69:Infinity": 34,
				"s:70:4:70:Infinity": 35,
				"s:73:2:73:Infinity": 36,
				"f:77:1:77:Infinity": 5,
				"s:82:2:82:Infinity": 37,
				"f:84:1:84:Infinity": 6,
				"s:89:2:89:Infinity": 38,
				"f:91:1:91:15": 7,
				"s:92:2:92:Infinity": 39,
				"s:93:2:93:Infinity": 40,
				"f:96:5:96:30": 8,
				"s:97:2:97:Infinity": 41,
				"f:99:5:99:30": 9,
				"s:100:2:100:Infinity": 42,
				"b:100:9:100:36:100:36:100:Infinity": 4,
				"f:103:1:103:6": 10,
				"b:104:2:108:Infinity:undefined:undefined:undefined:undefined": 5,
				"s:104:2:108:Infinity": 43,
				"b:105:3:105:Infinity:undefined:undefined:undefined:undefined": 6,
				"s:105:3:105:Infinity": 44,
				"b:105:7:105:35:105:35:105:45": 7,
				"s:105:45:105:Infinity": 45,
				"s:106:3:106:Infinity": 46,
				"s:107:3:107:Infinity": 47,
				"s:110:2:110:Infinity": 48,
				"f:113:1:113:7": 11,
				"b:114:2:122:Infinity:undefined:undefined:undefined:undefined": 8,
				"s:114:2:122:Infinity": 49,
				"s:116:3:116:Infinity": 50,
				"s:117:14:117:Infinity": 51,
				"b:117:46:117:54:117:54:117:60": 9,
				"b:117:68:117:78:117:78:117:82": 10,
				"s:118:3:118:Infinity": 52,
				"s:119:3:119:Infinity": 53,
				"s:120:3:120:Infinity": 54,
				"s:121:3:121:Infinity": 55,
				"s:123:2:123:Infinity": 56,
				"s:124:2:124:Infinity": 57,
				"f:127:1:127:26": 12,
				"s:128:2:135:Infinity": 58,
				"b:131:13:131:40:131:40:131:Infinity": 11,
				"f:138:1:138:11": 13,
				"s:139:2:139:Infinity": 59,
				"s:140:2:140:Infinity": 60,
				"b:141:2:141:Infinity:undefined:undefined:undefined:undefined": 12,
				"s:141:2:141:Infinity": 61,
				"s:141:21:141:Infinity": 62,
				"b:142:2:142:Infinity:undefined:undefined:undefined:undefined": 13,
				"s:142:2:142:Infinity": 63,
				"s:142:21:142:Infinity": 64,
				"b:143:2:143:Infinity:undefined:undefined:undefined:undefined": 14,
				"s:143:2:143:Infinity": 65,
				"s:143:16:143:Infinity": 66,
				"f:147:9:147:22": 14,
				"s:148:2:148:Infinity": 67,
				"s:149:2:181:Infinity": 68,
				"s:150:14:150:Infinity": 69,
				"s:151:3:151:Infinity": 70,
				"s:152:3:152:Infinity": 71,
				"s:153:3:161:Infinity": 72,
				"f:153:15:153:21": 15,
				"s:154:4:154:Infinity": 73,
				"s:155:4:155:Infinity": 74,
				"b:155:23:155:48:155:48:155:Infinity": 15,
				"s:156:4:156:Infinity": 75,
				"s:157:15:157:Infinity": 76,
				"s:158:4:158:Infinity": 77,
				"s:159:4:159:Infinity": 78,
				"s:160:4:160:Infinity": 79,
				"s:162:3:166:Infinity": 80,
				"f:162:18:162:19": 16,
				"s:163:4:163:Infinity": 81,
				"s:164:4:164:Infinity": 82,
				"s:165:4:165:Infinity": 83,
				"s:167:3:170:Infinity": 84,
				"f:167:16:167:17": 17,
				"s:168:4:168:Infinity": 85,
				"s:169:4:169:Infinity": 86,
				"s:171:3:176:Infinity": 87,
				"f:171:16:171:17": 18,
				"s:172:4:172:Infinity": 88,
				"s:173:4:173:Infinity": 89,
				"s:174:4:174:Infinity": 90,
				"s:175:4:175:Infinity": 91,
				"s:178:14:178:Infinity": 92,
				"s:179:3:179:Infinity": 93,
				"s:180:3:180:Infinity": 94,
				"f:184:9:184:20": 19,
				"s:185:2:185:Infinity": 95,
				"f:188:9:188:15": 20,
				"s:189:12:189:Infinity": 96,
				"b:190:2:190:Infinity:undefined:undefined:undefined:undefined": 16,
				"s:190:2:190:Infinity": 97,
				"b:190:6:190:12:190:12:190:21": 17,
				"s:190:21:190:Infinity": 98,
				"b:191:2:197:Infinity:undefined:undefined:undefined:undefined": 18,
				"s:191:2:197:Infinity": 99,
				"b:192:3:192:Infinity:undefined:undefined:undefined:undefined": 19,
				"s:192:3:192:Infinity": 100,
				"b:192:7:192:34:192:34:192:46:192:46:192:72": 20,
				"s:192:72:192:Infinity": 101,
				"s:193:3:195:Infinity": 102,
				"s:194:4:194:Infinity": 103,
				"s:196:3:196:Infinity": 104,
				"b:198:2:204:Infinity:undefined:undefined:undefined:undefined": 21,
				"s:198:2:204:Infinity": 105,
				"b:199:3:199:Infinity:undefined:undefined:undefined:undefined": 22,
				"s:199:3:199:Infinity": 106,
				"s:199:31:199:Infinity": 107,
				"s:200:14:200:Infinity": 108,
				"s:201:3:201:Infinity": 109,
				"s:202:3:202:Infinity": 110,
				"s:203:3:203:Infinity": 111,
				"b:205:2:218:Infinity:undefined:undefined:undefined:undefined": 23,
				"s:205:2:218:Infinity": 112,
				"b:206:3:206:Infinity:undefined:undefined:undefined:undefined": 24,
				"s:206:3:206:Infinity": 113,
				"s:206:31:206:Infinity": 114,
				"b:207:3:217:Infinity:212:3:217:Infinity": 25,
				"s:207:3:217:Infinity": 115,
				"b:207:7:207:28:207:28:207:54": 26,
				"s:208:4:208:Infinity": 116,
				"s:209:15:209:Infinity": 117,
				"s:210:4:210:Infinity": 118,
				"s:211:4:211:Infinity": 119,
				"b:212:3:217:Infinity:undefined:undefined:undefined:undefined": 27,
				"s:212:3:217:Infinity": 120,
				"b:212:14:212:36:212:36:212:64": 28,
				"s:213:4:213:Infinity": 121,
				"s:214:15:214:Infinity": 122,
				"s:215:4:215:Infinity": 123,
				"s:216:4:216:Infinity": 124
			}
		}
	},
	"/home/jihoon/magic/broadcast-websocket/src/bus.ts": {
		"path": "/home/jihoon/magic/broadcast-websocket/src/bus.ts",
		"statementMap": {
			"0": { "start": { "line": 6, "column": 2 }, "end": { "line": 8, "column": null } },
			"1": { "start": { "line": 7, "column": 3 }, "end": { "line": 7, "column": null } },
			"2": { "start": { "line": 9, "column": 2 }, "end": { "line": 9, "column": null } },
			"3": { "start": { "line": 12, "column": 2 }, "end": { "line": 12, "column": null } },
			"4": { "start": { "line": 15, "column": 13 }, "end": { "line": 15, "column": null } },
			"5": { "start": { "line": 15, "column": 35 }, "end": { "line": 15, "column": null } },
			"6": { "start": { "line": 16, "column": 2 }, "end": { "line": 16, "column": null } },
			"7": { "start": { "line": 17, "column": 2 }, "end": { "line": 17, "column": null } },
			"8": { "start": { "line": 17, "column": 15 }, "end": { "line": 17, "column": null } },
			"9": { "start": { "line": 20, "column": 2 }, "end": { "line": 20, "column": null } }
		},
		"fnMap": {
			"0": {
				"name": "(anonymous_0)",
				"decl": { "start": { "line": 5, "column": 1 }, "end": { "line": 5, "column": 13 } },
				"loc": { "start": { "line": 5, "column": 27 }, "end": { "line": 10, "column": null } },
				"line": 5
			},
			"1": {
				"name": "(anonymous_1)",
				"decl": { "start": { "line": 11, "column": 1 }, "end": { "line": 11, "column": 6 } },
				"loc": { "start": { "line": 11, "column": 23 }, "end": { "line": 13, "column": null } },
				"line": 11
			},
			"2": {
				"name": "(anonymous_2)",
				"decl": { "start": { "line": 14, "column": 1 }, "end": { "line": 14, "column": 4 } },
				"loc": { "start": { "line": 14, "column": 52 }, "end": { "line": 18, "column": null } },
				"line": 14
			},
			"3": {
				"name": "(anonymous_3)",
				"decl": { "start": { "line": 15, "column": 13 }, "end": { "line": 15, "column": 14 } },
				"loc": { "start": { "line": 15, "column": 35 }, "end": { "line": 15, "column": null } },
				"line": 15
			},
			"4": {
				"name": "(anonymous_4)",
				"decl": { "start": { "line": 17, "column": 9 }, "end": { "line": 17, "column": 15 } },
				"loc": { "start": { "line": 17, "column": 15 }, "end": { "line": 17, "column": null } },
				"line": 17
			},
			"5": {
				"name": "(anonymous_5)",
				"decl": { "start": { "line": 19, "column": 1 }, "end": { "line": 19, "column": 9 } },
				"loc": { "start": { "line": 19, "column": 9 }, "end": { "line": 21, "column": null } },
				"line": 19
			}
		},
		"branchMap": {
			"0": {
				"loc": { "start": { "line": 6, "column": 2 }, "end": { "line": 8, "column": null } },
				"type": "if",
				"locations": [
					{ "start": { "line": 6, "column": 2 }, "end": { "line": 8, "column": null } },
					{ "start": {}, "end": {} }
				],
				"line": 6
			}
		},
		"s": { "0": 4, "1": 0, "2": 4, "3": 5, "4": 4, "5": 0, "6": 4, "7": 4, "8": 4, "9": 4 },
		"f": { "0": 4, "1": 5, "2": 4, "3": 0, "4": 4, "5": 4 },
		"b": { "0": [0, 4] },
		"meta": {
			"lastBranch": 1,
			"lastFunction": 6,
			"lastStatement": 10,
			"seen": {
				"f:5:1:5:13": 0,
				"b:6:2:8:Infinity:undefined:undefined:undefined:undefined": 0,
				"s:6:2:8:Infinity": 0,
				"s:7:3:7:Infinity": 1,
				"s:9:2:9:Infinity": 2,
				"f:11:1:11:6": 1,
				"s:12:2:12:Infinity": 3,
				"f:14:1:14:4": 2,
				"s:15:13:15:Infinity": 4,
				"f:15:13:15:14": 3,
				"s:15:35:15:Infinity": 5,
				"s:16:2:16:Infinity": 6,
				"s:17:2:17:Infinity": 7,
				"f:17:9:17:15": 4,
				"s:17:15:17:Infinity": 8,
				"f:19:1:19:9": 5,
				"s:20:2:20:Infinity": 9
			}
		}
	},
	"/home/jihoon/magic/broadcast-websocket/src/election.ts": {
		"path": "/home/jihoon/magic/broadcast-websocket/src/election.ts",
		"statementMap": {
			"0": { "start": { "line": 13, "column": 2 }, "end": { "line": 13, "column": null } },
			"1": { "start": { "line": 18, "column": 2 }, "end": { "line": 18, "column": null } },
			"2": { "start": { "line": 29, "column": 2 }, "end": { "line": 29, "column": null } },
			"3": { "start": { "line": 23, "column": 4 }, "end": { "line": 23, "column": null } },
			"4": { "start": { "line": 24, "column": 4 }, "end": { "line": 24, "column": null } },
			"5": { "start": { "line": 25, "column": 4 }, "end": { "line": 25, "column": null } },
			"6": { "start": { "line": 26, "column": 4 }, "end": { "line": 26, "column": null } },
			"7": { "start": { "line": 31, "column": 39 }, "end": { "line": 31, "column": 62 } },
			"8": { "start": { "line": 32, "column": 28 }, "end": { "line": 32, "column": 63 } },
			"9": { "start": { "line": 36, "column": 4 }, "end": { "line": 39, "column": null } },
			"10": { "start": { "line": 37, "column": 6 }, "end": { "line": 37, "column": null } },
			"11": { "start": { "line": 37, "column": 30 }, "end": { "line": 37, "column": null } },
			"12": { "start": { "line": 38, "column": 6 }, "end": { "line": 38, "column": null } },
			"13": { "start": { "line": 40, "column": 4 }, "end": { "line": 40, "column": null } },
			"14": { "start": { "line": 43, "column": 4 }, "end": { "line": 43, "column": null } },
			"15": { "start": { "line": 44, "column": 4 }, "end": { "line": 44, "column": null } },
			"16": { "start": { "line": 47, "column": 4 }, "end": { "line": 50, "column": null } },
			"17": { "start": { "line": 48, "column": 6 }, "end": { "line": 49, "column": null } },
			"18": { "start": { "line": 48, "column": 25 }, "end": { "line": 48, "column": null } },
			"19": { "start": { "line": 49, "column": 11 }, "end": { "line": 49, "column": null } },
			"20": { "start": { "line": 53, "column": 4 }, "end": { "line": 57, "column": null } },
			"21": { "start": { "line": 54, "column": 6 }, "end": { "line": 56, "column": null } },
			"22": { "start": { "line": 55, "column": 8 }, "end": { "line": 55, "column": null } },
			"23": { "start": { "line": 55, "column": 14 }, "end": { "line": 55, "column": 49 } },
			"24": { "start": { "line": 61, "column": 4 }, "end": { "line": 61, "column": null } },
			"25": { "start": { "line": 61, "column": 20 }, "end": { "line": 61, "column": null } },
			"26": { "start": { "line": 62, "column": 4 }, "end": { "line": 62, "column": null } },
			"27": { "start": { "line": 62, "column": 29 }, "end": { "line": 62, "column": null } },
			"28": { "start": { "line": 66, "column": 29 }, "end": { "line": 66, "column": null } },
			"29": { "start": { "line": 67, "column": 4 }, "end": { "line": 67, "column": null } },
			"30": { "start": { "line": 67, "column": 10 }, "end": { "line": 67, "column": 48 } },
			"31": { "start": { "line": 69, "column": 4 }, "end": { "line": 77, "column": null } },
			"32": { "start": { "line": 70, "column": 6 }, "end": { "line": 76, "column": null } },
			"33": { "start": { "line": 71, "column": 20 }, "end": { "line": 71, "column": null } },
			"34": { "start": { "line": 72, "column": 8 }, "end": { "line": 75, "column": null } },
			"35": { "start": { "line": 74, "column": 10 }, "end": { "line": 74, "column": null } },
			"36": { "start": { "line": 74, "column": 48 }, "end": { "line": 74, "column": null } },
			"37": { "start": { "line": 78, "column": 20 }, "end": { "line": 78, "column": null } },
			"38": { "start": { "line": 79, "column": 4 }, "end": { "line": 79, "column": null } },
			"39": { "start": { "line": 80, "column": 4 }, "end": { "line": 84, "column": null } },
			"40": { "start": { "line": 81, "column": 6 }, "end": { "line": 81, "column": null } },
			"41": { "start": { "line": 82, "column": 6 }, "end": { "line": 83, "column": null } },
			"42": { "start": { "line": 82, "column": 25 }, "end": { "line": 82, "column": null } },
			"43": { "start": { "line": 83, "column": 11 }, "end": { "line": 83, "column": null } },
			"44": { "start": { "line": 88, "column": 16 }, "end": { "line": 88, "column": null } },
			"45": { "start": { "line": 90, "column": 4 }, "end": { "line": 98, "column": null } },
			"46": { "start": { "line": 91, "column": 18 }, "end": { "line": 91, "column": null } },
			"47": { "start": { "line": 92, "column": 6 }, "end": { "line": 97, "column": null } },
			"48": { "start": { "line": 93, "column": 8 }, "end": { "line": 93, "column": null } },
			"49": { "start": { "line": 94, "column": 8 }, "end": { "line": 96, "column": null } },
			"50": { "start": { "line": 95, "column": 10 }, "end": { "line": 95, "column": null } },
			"51": { "start": { "line": 99, "column": 4 }, "end": { "line": 99, "column": null } },
			"52": { "start": { "line": 99, "column": 34 }, "end": { "line": 99, "column": null } },
			"53": { "start": { "line": 101, "column": 4 }, "end": { "line": 104, "column": null } },
			"54": { "start": { "line": 102, "column": 20 }, "end": { "line": 102, "column": null } },
			"55": { "start": { "line": 103, "column": 6 }, "end": { "line": 103, "column": null } },
			"56": { "start": { "line": 106, "column": 4 }, "end": { "line": 106, "column": null } },
			"57": { "start": { "line": 110, "column": 4 }, "end": { "line": 113, "column": null } },
			"58": { "start": { "line": 111, "column": 18 }, "end": { "line": 111, "column": null } },
			"59": { "start": { "line": 112, "column": 6 }, "end": { "line": 112, "column": null } }
		},
		"fnMap": {
			"0": {
				"name": "(anonymous_0)",
				"decl": { "start": { "line": 22, "column": 2 }, "end": { "line": 22, "column": 14 } },
				"loc": { "start": { "line": 22, "column": 82 }, "end": { "line": 27, "column": null } },
				"line": 22
			},
			"1": {
				"name": "(anonymous_1)",
				"decl": { "start": { "line": 31, "column": 6 }, "end": { "line": 31, "column": 37 } },
				"loc": { "start": { "line": 31, "column": 37 }, "end": { "line": 31, "column": null } },
				"line": 31
			},
			"2": {
				"name": "(anonymous_2)",
				"decl": { "start": { "line": 32, "column": 6 }, "end": { "line": 32, "column": 26 } },
				"loc": { "start": { "line": 32, "column": 26 }, "end": { "line": 32, "column": null } },
				"line": 32
			},
			"3": {
				"name": "(anonymous_3)",
				"decl": { "start": { "line": 34, "column": 2 }, "end": { "line": 34, "column": 10 } },
				"loc": { "start": { "line": 34, "column": 10 }, "end": { "line": 58, "column": null } },
				"line": 34
			},
			"4": {
				"name": "(anonymous_4)",
				"decl": { "start": { "line": 36, "column": 26 }, "end": { "line": 36, "column": 27 } },
				"loc": { "start": { "line": 36, "column": 47 }, "end": { "line": 39, "column": null } },
				"line": 36
			},
			"5": {
				"name": "(anonymous_5)",
				"decl": { "start": { "line": 47, "column": 29 }, "end": { "line": 47, "column": 35 } },
				"loc": { "start": { "line": 47, "column": 35 }, "end": { "line": 50, "column": 7 } },
				"line": 47
			},
			"6": {
				"name": "(anonymous_6)",
				"decl": { "start": { "line": 53, "column": 44 }, "end": { "line": 53, "column": 50 } },
				"loc": { "start": { "line": 53, "column": 50 }, "end": { "line": 57, "column": 5 } },
				"line": 53
			},
			"7": {
				"name": "(anonymous_7)",
				"decl": { "start": { "line": 60, "column": 2 }, "end": { "line": 60, "column": 9 } },
				"loc": { "start": { "line": 60, "column": 9 }, "end": { "line": 63, "column": null } },
				"line": 60
			},
			"8": {
				"name": "(anonymous_8)",
				"decl": { "start": { "line": 65, "column": 10 }, "end": { "line": 65, "column": 23 } },
				"loc": { "start": { "line": 65, "column": 23 }, "end": { "line": 85, "column": null } },
				"line": 65
			},
			"9": {
				"name": "(anonymous_9)",
				"decl": { "start": { "line": 87, "column": 10 }, "end": { "line": 87, "column": 30 } },
				"loc": { "start": { "line": 87, "column": 30 }, "end": { "line": 107, "column": null } },
				"line": 87
			},
			"10": {
				"name": "(anonymous_10)",
				"decl": { "start": { "line": 109, "column": 10 }, "end": { "line": 109, "column": 22 } },
				"loc": { "start": { "line": 109, "column": 22 }, "end": { "line": 114, "column": null } },
				"line": 109
			}
		},
		"branchMap": {
			"0": {
				"loc": { "start": { "line": 25, "column": 23 }, "end": { "line": 25, "column": null } },
				"type": "binary-expr",
				"locations": [
					{ "start": { "line": 25, "column": 23 }, "end": { "line": 25, "column": 44 } },
					{ "start": { "line": 25, "column": 44 }, "end": { "line": 25, "column": null } }
				],
				"line": 25
			},
			"1": {
				"loc": { "start": { "line": 26, "column": 21 }, "end": { "line": 26, "column": null } },
				"type": "binary-expr",
				"locations": [
					{ "start": { "line": 26, "column": 21 }, "end": { "line": 26, "column": 40 } },
					{ "start": { "line": 26, "column": 40 }, "end": { "line": 26, "column": null } }
				],
				"line": 26
			},
			"2": {
				"loc": { "start": { "line": 37, "column": 6 }, "end": { "line": 37, "column": null } },
				"type": "if",
				"locations": [
					{ "start": { "line": 37, "column": 6 }, "end": { "line": 37, "column": null } },
					{ "start": {}, "end": {} }
				],
				"line": 37
			},
			"3": {
				"loc": { "start": { "line": 48, "column": 6 }, "end": { "line": 49, "column": null } },
				"type": "if",
				"locations": [
					{ "start": { "line": 48, "column": 6 }, "end": { "line": 49, "column": null } },
					{ "start": { "line": 49, "column": 11 }, "end": { "line": 49, "column": null } }
				],
				"line": 48
			},
			"4": {
				"loc": { "start": { "line": 54, "column": 6 }, "end": { "line": 56, "column": null } },
				"type": "if",
				"locations": [
					{ "start": { "line": 54, "column": 6 }, "end": { "line": 56, "column": null } },
					{ "start": {}, "end": {} }
				],
				"line": 54
			},
			"5": {
				"loc": { "start": { "line": 61, "column": 4 }, "end": { "line": 61, "column": null } },
				"type": "if",
				"locations": [
					{ "start": { "line": 61, "column": 4 }, "end": { "line": 61, "column": null } },
					{ "start": {}, "end": {} }
				],
				"line": 61
			},
			"6": {
				"loc": { "start": { "line": 62, "column": 4 }, "end": { "line": 62, "column": null } },
				"type": "if",
				"locations": [
					{ "start": { "line": 62, "column": 4 }, "end": { "line": 62, "column": null } },
					{ "start": {}, "end": {} }
				],
				"line": 62
			},
			"7": {
				"loc": { "start": { "line": 69, "column": 4 }, "end": { "line": 77, "column": null } },
				"type": "if",
				"locations": [
					{ "start": { "line": 69, "column": 4 }, "end": { "line": 77, "column": null } },
					{ "start": {}, "end": {} }
				],
				"line": 69
			},
			"8": {
				"loc": { "start": { "line": 72, "column": 8 }, "end": { "line": 75, "column": null } },
				"type": "if",
				"locations": [
					{ "start": { "line": 72, "column": 8 }, "end": { "line": 75, "column": null } },
					{ "start": {}, "end": {} }
				],
				"line": 72
			},
			"9": {
				"loc": { "start": { "line": 72, "column": 12 }, "end": { "line": 72, "column": 77 } },
				"type": "binary-expr",
				"locations": [
					{ "start": { "line": 72, "column": 12 }, "end": { "line": 72, "column": 19 } },
					{ "start": { "line": 72, "column": 19 }, "end": { "line": 72, "column": 49 } },
					{ "start": { "line": 72, "column": 49 }, "end": { "line": 72, "column": 77 } }
				],
				"line": 72
			},
			"10": {
				"loc": { "start": { "line": 74, "column": 10 }, "end": { "line": 74, "column": null } },
				"type": "if",
				"locations": [
					{ "start": { "line": 74, "column": 10 }, "end": { "line": 74, "column": null } },
					{ "start": {}, "end": {} }
				],
				"line": 74
			},
			"11": {
				"loc": { "start": { "line": 80, "column": 4 }, "end": { "line": 84, "column": null } },
				"type": "if",
				"locations": [
					{ "start": { "line": 80, "column": 4 }, "end": { "line": 84, "column": null } },
					{ "start": {}, "end": {} }
				],
				"line": 80
			},
			"12": {
				"loc": { "start": { "line": 82, "column": 6 }, "end": { "line": 83, "column": null } },
				"type": "if",
				"locations": [
					{ "start": { "line": 82, "column": 6 }, "end": { "line": 83, "column": null } },
					{ "start": { "line": 83, "column": 11 }, "end": { "line": 83, "column": null } }
				],
				"line": 82
			},
			"13": {
				"loc": { "start": { "line": 92, "column": 6 }, "end": { "line": 97, "column": null } },
				"type": "if",
				"locations": [
					{ "start": { "line": 92, "column": 6 }, "end": { "line": 97, "column": null } },
					{ "start": {}, "end": {} }
				],
				"line": 92
			},
			"14": {
				"loc": { "start": { "line": 94, "column": 8 }, "end": { "line": 96, "column": null } },
				"type": "if",
				"locations": [
					{ "start": { "line": 94, "column": 8 }, "end": { "line": 96, "column": null } },
					{ "start": {}, "end": {} }
				],
				"line": 94
			},
			"15": {
				"loc": { "start": { "line": 94, "column": 12 }, "end": { "line": 94, "column": 55 } },
				"type": "binary-expr",
				"locations": [
					{ "start": { "line": 94, "column": 12 }, "end": { "line": 94, "column": 23 } },
					{ "start": { "line": 94, "column": 23 }, "end": { "line": 94, "column": 55 } }
				],
				"line": 94
			},
			"16": {
				"loc": { "start": { "line": 99, "column": 4 }, "end": { "line": 99, "column": null } },
				"type": "if",
				"locations": [
					{ "start": { "line": 99, "column": 4 }, "end": { "line": 99, "column": null } },
					{ "start": {}, "end": {} }
				],
				"line": 99
			},
			"17": {
				"loc": { "start": { "line": 99, "column": 8 }, "end": { "line": 99, "column": 34 } },
				"type": "binary-expr",
				"locations": [
					{ "start": { "line": 99, "column": 8 }, "end": { "line": 99, "column": 26 } },
					{ "start": { "line": 99, "column": 26 }, "end": { "line": 99, "column": 34 } }
				],
				"line": 99
			}
		},
		"s": {
			"0": 4,
			"1": 4,
			"2": 4,
			"3": 4,
			"4": 4,
			"5": 4,
			"6": 4,
			"7": 0,
			"8": 6,
			"9": 4,
			"10": 0,
			"11": 0,
			"12": 0,
			"13": 4,
			"14": 4,
			"15": 4,
			"16": 4,
			"17": 0,
			"18": 0,
			"19": 0,
			"20": 4,
			"21": 0,
			"22": 0,
			"23": 0,
			"24": 4,
			"25": 4,
			"26": 4,
			"27": 4,
			"28": 7,
			"29": 7,
			"30": 7,
			"31": 7,
			"32": 4,
			"33": 4,
			"34": 4,
			"35": 4,
			"36": 4,
			"37": 7,
			"38": 7,
			"39": 7,
			"40": 4,
			"41": 4,
			"42": 3,
			"43": 1,
			"44": 4,
			"45": 4,
			"46": 4,
			"47": 4,
			"48": 1,
			"49": 1,
			"50": 1,
			"51": 4,
			"52": 1,
			"53": 3,
			"54": 3,
			"55": 3,
			"56": 3,
			"57": 0,
			"58": 0,
			"59": 0
		},
		"f": { "0": 4, "1": 0, "2": 6, "3": 4, "4": 0, "5": 0, "6": 0, "7": 4, "8": 7, "9": 4, "10": 0 },
		"b": {
			"0": [4, 4],
			"1": [4, 4],
			"2": [0, 0],
			"3": [0, 0],
			"4": [0, 0],
			"5": [4, 0],
			"6": [4, 0],
			"7": [4, 3],
			"8": [4, 0],
			"9": [4, 4, 4],
			"10": [4, 0],
			"11": [4, 3],
			"12": [3, 1],
			"13": [1, 3],
			"14": [1, 0],
			"15": [1, 1],
			"16": [1, 3],
			"17": [4, 1]
		},
		"meta": {
			"lastBranch": 18,
			"lastFunction": 11,
			"lastStatement": 60,
			"seen": {
				"f:22:2:22:14": 0,
				"s:13:2:13:Infinity": 0,
				"s:18:2:18:Infinity": 1,
				"s:29:2:29:Infinity": 2,
				"s:23:4:23:Infinity": 3,
				"s:24:4:24:Infinity": 4,
				"s:25:4:25:Infinity": 5,
				"b:25:23:25:44:25:44:25:Infinity": 0,
				"s:26:4:26:Infinity": 6,
				"b:26:21:26:40:26:40:26:Infinity": 1,
				"f:31:6:31:37": 1,
				"s:31:39:31:62": 7,
				"f:32:6:32:26": 2,
				"s:32:28:32:63": 8,
				"f:34:2:34:10": 3,
				"s:36:4:39:Infinity": 9,
				"f:36:26:36:27": 4,
				"b:37:6:37:Infinity:undefined:undefined:undefined:undefined": 2,
				"s:37:6:37:Infinity": 10,
				"s:37:30:37:Infinity": 11,
				"s:38:6:38:Infinity": 12,
				"s:40:4:40:Infinity": 13,
				"s:43:4:43:Infinity": 14,
				"s:44:4:44:Infinity": 15,
				"s:47:4:50:Infinity": 16,
				"f:47:29:47:35": 5,
				"b:48:6:49:Infinity:49:11:49:Infinity": 3,
				"s:48:6:49:Infinity": 17,
				"s:48:25:48:Infinity": 18,
				"s:49:11:49:Infinity": 19,
				"s:53:4:57:Infinity": 20,
				"f:53:44:53:50": 6,
				"b:54:6:56:Infinity:undefined:undefined:undefined:undefined": 4,
				"s:54:6:56:Infinity": 21,
				"s:55:8:55:Infinity": 22,
				"s:55:14:55:49": 23,
				"f:60:2:60:9": 7,
				"b:61:4:61:Infinity:undefined:undefined:undefined:undefined": 5,
				"s:61:4:61:Infinity": 24,
				"s:61:20:61:Infinity": 25,
				"b:62:4:62:Infinity:undefined:undefined:undefined:undefined": 6,
				"s:62:4:62:Infinity": 26,
				"s:62:29:62:Infinity": 27,
				"f:65:10:65:23": 8,
				"s:66:29:66:Infinity": 28,
				"s:67:4:67:Infinity": 29,
				"s:67:10:67:48": 30,
				"b:69:4:77:Infinity:undefined:undefined:undefined:undefined": 7,
				"s:69:4:77:Infinity": 31,
				"s:70:6:76:Infinity": 32,
				"s:71:20:71:Infinity": 33,
				"b:72:8:75:Infinity:undefined:undefined:undefined:undefined": 8,
				"s:72:8:75:Infinity": 34,
				"b:72:12:72:19:72:19:72:49:72:49:72:77": 9,
				"b:74:10:74:Infinity:undefined:undefined:undefined:undefined": 10,
				"s:74:10:74:Infinity": 35,
				"s:74:48:74:Infinity": 36,
				"s:78:20:78:Infinity": 37,
				"s:79:4:79:Infinity": 38,
				"b:80:4:84:Infinity:undefined:undefined:undefined:undefined": 11,
				"s:80:4:84:Infinity": 39,
				"s:81:6:81:Infinity": 40,
				"b:82:6:83:Infinity:83:11:83:Infinity": 12,
				"s:82:6:83:Infinity": 41,
				"s:82:25:82:Infinity": 42,
				"s:83:11:83:Infinity": 43,
				"f:87:10:87:30": 9,
				"s:88:16:88:Infinity": 44,
				"s:90:4:98:Infinity": 45,
				"s:91:18:91:Infinity": 46,
				"b:92:6:97:Infinity:undefined:undefined:undefined:undefined": 13,
				"s:92:6:97:Infinity": 47,
				"s:93:8:93:Infinity": 48,
				"b:94:8:96:Infinity:undefined:undefined:undefined:undefined": 14,
				"s:94:8:96:Infinity": 49,
				"b:94:12:94:23:94:23:94:55": 15,
				"s:95:10:95:Infinity": 50,
				"b:99:4:99:Infinity:undefined:undefined:undefined:undefined": 16,
				"s:99:4:99:Infinity": 51,
				"b:99:8:99:26:99:26:99:34": 17,
				"s:99:34:99:Infinity": 52,
				"s:101:4:104:Infinity": 53,
				"s:102:20:102:Infinity": 54,
				"s:103:6:103:Infinity": 55,
				"s:106:4:106:Infinity": 56,
				"f:109:10:109:22": 10,
				"s:110:4:113:Infinity": 57,
				"s:111:18:111:Infinity": 58,
				"s:112:6:112:Infinity": 59
			}
		}
	},
	"/home/jihoon/magic/broadcast-websocket/src/utils.ts": {
		"path": "/home/jihoon/magic/broadcast-websocket/src/utils.ts",
		"statementMap": {
			"0": { "start": { "line": 8, "column": 1 }, "end": { "line": 8, "column": null } },
			"1": { "start": { "line": 10, "column": 1 }, "end": { "line": 10, "column": null } },
			"2": { "start": { "line": 13, "column": 2 }, "end": { "line": 13, "column": null } },
			"3": { "start": { "line": 13, "column": 11 }, "end": { "line": 13, "column": null } },
			"4": { "start": { "line": 17, "column": 15 }, "end": { "line": 17, "column": null } },
			"5": { "start": { "line": 18, "column": 2 }, "end": { "line": 18, "column": null } },
			"6": { "start": { "line": 19, "column": 2 }, "end": { "line": 19, "column": null } },
			"7": { "start": { "line": 19, "column": 15 }, "end": { "line": 19, "column": null } },
			"8": { "start": { "line": 23, "column": 14 }, "end": { "line": 23, "column": null } },
			"9": { "start": { "line": 24, "column": 2 }, "end": { "line": 24, "column": null } },
			"10": { "start": { "line": 24, "column": 12 }, "end": { "line": 24, "column": null } },
			"11": { "start": { "line": 25, "column": 14 }, "end": { "line": 25, "column": null } },
			"12": { "start": { "line": 26, "column": 2 }, "end": { "line": 26, "column": null } },
			"13": { "start": { "line": 26, "column": 16 }, "end": { "line": 26, "column": null } },
			"14": { "start": { "line": 30, "column": 14 }, "end": { "line": 30, "column": null } },
			"15": { "start": { "line": 31, "column": 2 }, "end": { "line": 33, "column": null } },
			"16": { "start": { "line": 32, "column": 3 }, "end": { "line": 32, "column": null } },
			"17": { "start": { "line": 34, "column": 2 }, "end": { "line": 36, "column": null } },
			"18": { "start": { "line": 35, "column": 3 }, "end": { "line": 35, "column": null } },
			"19": { "start": { "line": 37, "column": 2 }, "end": { "line": 39, "column": null } },
			"20": { "start": { "line": 38, "column": 3 }, "end": { "line": 38, "column": null } },
			"21": { "start": { "line": 40, "column": 2 }, "end": { "line": 42, "column": null } },
			"22": { "start": { "line": 41, "column": 3 }, "end": { "line": 41, "column": null } },
			"23": { "start": { "line": 44, "column": 2 }, "end": { "line": 44, "column": null } },
			"24": { "start": { "line": 44, "column": 12 }, "end": { "line": 44, "column": null } },
			"25": { "start": { "line": 46, "column": 2 }, "end": { "line": 53, "column": null } },
			"26": { "start": { "line": 47, "column": 3 }, "end": { "line": 52, "column": null } },
			"27": { "start": { "line": 48, "column": 4 }, "end": { "line": 48, "column": null } },
			"28": { "start": { "line": 51, "column": 4 }, "end": { "line": 51, "column": null } },
			"29": { "start": { "line": 58, "column": 13 }, "end": { "line": 58, "column": null } },
			"30": { "start": { "line": 59, "column": 1 }, "end": { "line": 59, "column": null } },
			"31": { "start": { "line": 60, "column": 1 }, "end": { "line": 60, "column": null } },
			"32": { "start": { "line": 60, "column": 31 }, "end": { "line": 60, "column": 62 } },
			"33": { "start": { "line": 64, "column": 1 }, "end": { "line": 64, "column": null } },
			"34": { "start": { "line": 70, "column": 1 }, "end": { "line": 74, "column": null } },
			"35": { "start": { "line": 71, "column": 2 }, "end": { "line": 71, "column": null } },
			"36": { "start": { "line": 73, "column": 2 }, "end": { "line": 73, "column": null } }
		},
		"fnMap": {
			"0": {
				"name": "(anonymous_0)",
				"decl": { "start": { "line": 12, "column": 1 }, "end": { "line": 12, "column": 13 } },
				"loc": { "start": { "line": 12, "column": 39 }, "end": { "line": 14, "column": null } },
				"line": 12
			},
			"1": {
				"name": "(anonymous_1)",
				"decl": { "start": { "line": 16, "column": 1 }, "end": { "line": 16, "column": 28 } },
				"loc": { "start": { "line": 16, "column": 90 }, "end": { "line": 20, "column": null } },
				"line": 16
			},
			"2": {
				"name": "(anonymous_2)",
				"decl": { "start": { "line": 19, "column": 9 }, "end": { "line": 19, "column": 15 } },
				"loc": { "start": { "line": 19, "column": 15 }, "end": { "line": 19, "column": null } },
				"line": 19
			},
			"3": {
				"name": "(anonymous_3)",
				"decl": { "start": { "line": 22, "column": 1 }, "end": { "line": 22, "column": 29 } },
				"loc": { "start": { "line": 22, "column": 78 }, "end": { "line": 27, "column": null } },
				"line": 22
			},
			"4": {
				"name": "(anonymous_4)",
				"decl": { "start": { "line": 29, "column": 1 }, "end": { "line": 29, "column": 30 } },
				"loc": { "start": { "line": 29, "column": 60 }, "end": { "line": 54, "column": null } },
				"line": 29
			},
			"5": {
				"name": "(anonymous_5)",
				"decl": { "start": { "line": 46, "column": 19 }, "end": { "line": 46, "column": 20 } },
				"loc": { "start": { "line": 46, "column": 27 }, "end": { "line": 53, "column": 3 } },
				"line": 46
			},
			"6": {
				"name": "randomId",
				"decl": { "start": { "line": 57, "column": 16 }, "end": { "line": 57, "column": 25 } },
				"loc": { "start": { "line": 57, "column": 43 }, "end": { "line": 61, "column": null } },
				"line": 57
			},
			"7": {
				"name": "(anonymous_7)",
				"decl": { "start": { "line": 60, "column": 24 }, "end": { "line": 60, "column": 25 } },
				"loc": { "start": { "line": 60, "column": 31 }, "end": { "line": 60, "column": 62 } },
				"line": 60
			},
			"8": {
				"name": "now",
				"decl": { "start": { "line": 63, "column": 16 }, "end": { "line": 63, "column": 30 } },
				"loc": { "start": { "line": 63, "column": 30 }, "end": { "line": 65, "column": null } },
				"line": 63
			},
			"9": {
				"name": "safeJsonStringify",
				"decl": { "start": { "line": 69, "column": 16 }, "end": { "line": 69, "column": 34 } },
				"loc": { "start": { "line": 69, "column": 50 }, "end": { "line": 75, "column": null } },
				"line": 69
			}
		},
		"branchMap": {
			"0": {
				"loc": { "start": { "line": 13, "column": 2 }, "end": { "line": 13, "column": null } },
				"type": "if",
				"locations": [
					{ "start": { "line": 13, "column": 2 }, "end": { "line": 13, "column": null } },
					{ "start": {}, "end": {} }
				],
				"line": 13
			},
			"1": {
				"loc": { "start": { "line": 24, "column": 2 }, "end": { "line": 24, "column": null } },
				"type": "if",
				"locations": [
					{ "start": { "line": 24, "column": 2 }, "end": { "line": 24, "column": null } },
					{ "start": {}, "end": {} }
				],
				"line": 24
			},
			"2": {
				"loc": { "start": { "line": 26, "column": 2 }, "end": { "line": 26, "column": null } },
				"type": "if",
				"locations": [
					{ "start": { "line": 26, "column": 2 }, "end": { "line": 26, "column": null } },
					{ "start": {}, "end": {} }
				],
				"line": 26
			},
			"3": {
				"loc": { "start": { "line": 31, "column": 2 }, "end": { "line": 33, "column": null } },
				"type": "if",
				"locations": [
					{ "start": { "line": 31, "column": 2 }, "end": { "line": 33, "column": null } },
					{ "start": {}, "end": {} }
				],
				"line": 31
			},
			"4": {
				"loc": { "start": { "line": 31, "column": 6 }, "end": { "line": 31, "column": 46 } },
				"type": "binary-expr",
				"locations": [
					{ "start": { "line": 31, "column": 6 }, "end": { "line": 31, "column": 27 } },
					{ "start": { "line": 31, "column": 27 }, "end": { "line": 31, "column": 46 } }
				],
				"line": 31
			},
			"5": {
				"loc": { "start": { "line": 34, "column": 2 }, "end": { "line": 36, "column": null } },
				"type": "if",
				"locations": [
					{ "start": { "line": 34, "column": 2 }, "end": { "line": 36, "column": null } },
					{ "start": {}, "end": {} }
				],
				"line": 34
			},
			"6": {
				"loc": { "start": { "line": 34, "column": 6 }, "end": { "line": 34, "column": 44 } },
				"type": "binary-expr",
				"locations": [
					{ "start": { "line": 34, "column": 6 }, "end": { "line": 34, "column": 26 } },
					{ "start": { "line": 34, "column": 26 }, "end": { "line": 34, "column": 44 } }
				],
				"line": 34
			},
			"7": {
				"loc": { "start": { "line": 37, "column": 2 }, "end": { "line": 39, "column": null } },
				"type": "if",
				"locations": [
					{ "start": { "line": 37, "column": 2 }, "end": { "line": 39, "column": null } },
					{ "start": {}, "end": {} }
				],
				"line": 37
			},
			"8": {
				"loc": { "start": { "line": 37, "column": 6 }, "end": { "line": 37, "column": 46 } },
				"type": "binary-expr",
				"locations": [
					{ "start": { "line": 37, "column": 6 }, "end": { "line": 37, "column": 27 } },
					{ "start": { "line": 37, "column": 27 }, "end": { "line": 37, "column": 46 } }
				],
				"line": 37
			},
			"9": {
				"loc": { "start": { "line": 40, "column": 2 }, "end": { "line": 42, "column": null } },
				"type": "if",
				"locations": [
					{ "start": { "line": 40, "column": 2 }, "end": { "line": 42, "column": null } },
					{ "start": {}, "end": {} }
				],
				"line": 40
			},
			"10": {
				"loc": { "start": { "line": 40, "column": 6 }, "end": { "line": 40, "column": 50 } },
				"type": "binary-expr",
				"locations": [
					{ "start": { "line": 40, "column": 6 }, "end": { "line": 40, "column": 29 } },
					{ "start": { "line": 40, "column": 29 }, "end": { "line": 40, "column": 50 } }
				],
				"line": 40
			},
			"11": {
				"loc": { "start": { "line": 44, "column": 2 }, "end": { "line": 44, "column": null } },
				"type": "if",
				"locations": [
					{ "start": { "line": 44, "column": 2 }, "end": { "line": 44, "column": null } },
					{ "start": {}, "end": {} }
				],
				"line": 44
			},
			"12": {
				"loc": { "start": { "line": 57, "column": 25 }, "end": { "line": 57, "column": 43 } },
				"type": "default-arg",
				"locations": [{ "start": { "line": 57, "column": 31 }, "end": { "line": 57, "column": 43 } }],
				"line": 57
			}
		},
		"s": {
			"0": 8,
			"1": 8,
			"2": 8,
			"3": 0,
			"4": 8,
			"5": 8,
			"6": 8,
			"7": 0,
			"8": 0,
			"9": 0,
			"10": 0,
			"11": 0,
			"12": 0,
			"13": 0,
			"14": 13,
			"15": 13,
			"16": 0,
			"17": 13,
			"18": 0,
			"19": 13,
			"20": 0,
			"21": 13,
			"22": 0,
			"23": 13,
			"24": 9,
			"25": 4,
			"26": 4,
			"27": 4,
			"28": 0,
			"29": 8,
			"30": 8,
			"31": 8,
			"32": 64,
			"33": 8,
			"34": 0,
			"35": 0,
			"36": 0
		},
		"f": { "0": 8, "1": 8, "2": 0, "3": 0, "4": 13, "5": 4, "6": 8, "7": 64, "8": 8, "9": 0 },
		"b": {
			"0": [0, 8],
			"1": [0, 0],
			"2": [0, 0],
			"3": [0, 13],
			"4": [13, 0],
			"5": [0, 13],
			"6": [13, 0],
			"7": [0, 13],
			"8": [13, 0],
			"9": [0, 13],
			"10": [13, 0],
			"11": [9, 4],
			"12": [8]
		},
		"meta": {
			"lastBranch": 13,
			"lastFunction": 10,
			"lastStatement": 37,
			"seen": {
				"f:12:1:12:13": 0,
				"s:8:1:8:Infinity": 0,
				"s:10:1:10:Infinity": 1,
				"b:13:2:13:Infinity:undefined:undefined:undefined:undefined": 0,
				"s:13:2:13:Infinity": 2,
				"s:13:11:13:Infinity": 3,
				"f:16:1:16:28": 1,
				"s:17:15:17:Infinity": 4,
				"s:18:2:18:Infinity": 5,
				"s:19:2:19:Infinity": 6,
				"f:19:9:19:15": 2,
				"s:19:15:19:Infinity": 7,
				"f:22:1:22:29": 3,
				"s:23:14:23:Infinity": 8,
				"b:24:2:24:Infinity:undefined:undefined:undefined:undefined": 1,
				"s:24:2:24:Infinity": 9,
				"s:24:12:24:Infinity": 10,
				"s:25:14:25:Infinity": 11,
				"b:26:2:26:Infinity:undefined:undefined:undefined:undefined": 2,
				"s:26:2:26:Infinity": 12,
				"s:26:16:26:Infinity": 13,
				"f:29:1:29:30": 4,
				"s:30:14:30:Infinity": 14,
				"b:31:2:33:Infinity:undefined:undefined:undefined:undefined": 3,
				"s:31:2:33:Infinity": 15,
				"b:31:6:31:27:31:27:31:46": 4,
				"s:32:3:32:Infinity": 16,
				"b:34:2:36:Infinity:undefined:undefined:undefined:undefined": 5,
				"s:34:2:36:Infinity": 17,
				"b:34:6:34:26:34:26:34:44": 6,
				"s:35:3:35:Infinity": 18,
				"b:37:2:39:Infinity:undefined:undefined:undefined:undefined": 7,
				"s:37:2:39:Infinity": 19,
				"b:37:6:37:27:37:27:37:46": 8,
				"s:38:3:38:Infinity": 20,
				"b:40:2:42:Infinity:undefined:undefined:undefined:undefined": 9,
				"s:40:2:42:Infinity": 21,
				"b:40:6:40:29:40:29:40:50": 10,
				"s:41:3:41:Infinity": 22,
				"b:44:2:44:Infinity:undefined:undefined:undefined:undefined": 11,
				"s:44:2:44:Infinity": 23,
				"s:44:12:44:Infinity": 24,
				"s:46:2:53:Infinity": 25,
				"f:46:19:46:20": 5,
				"s:47:3:52:Infinity": 26,
				"s:48:4:48:Infinity": 27,
				"s:51:4:51:Infinity": 28,
				"f:57:16:57:25": 6,
				"b:57:31:57:43": 12,
				"s:58:13:58:Infinity": 29,
				"s:59:1:59:Infinity": 30,
				"s:60:1:60:Infinity": 31,
				"f:60:24:60:25": 7,
				"s:60:31:60:62": 32,
				"f:63:16:63:30": 8,
				"s:64:1:64:Infinity": 33,
				"f:69:16:69:34": 9,
				"s:70:1:74:Infinity": 34,
				"s:71:2:71:Infinity": 35,
				"s:73:2:73:Infinity": 36
			}
		}
	}
}
